<?xml version="1.0" encoding="UTF-8"?>
<testng-results ignored="0" total="1" passed="1" failed="0" skipped="0">
  <reporter-output>
  </reporter-output>
  <suite started-at="2023-07-06T23:17:06 BST" name="Default suite" finished-at="2023-07-06T23:17:56 BST" duration-ms="50303">
    <groups>
    </groups>
    <test started-at="2023-07-06T23:17:06 BST" name="Default test" finished-at="2023-07-06T23:17:56 BST" duration-ms="50303">
      <class name="org.hemakumar.eCommerce_tc_4_Hybrid">
        <test-method is-config="true" signature="ConfigureAppium()[pri:0, instance:org.hemakumar.eCommerce_tc_4_Hybrid@470734c3]" started-at="2023-07-06T23:17:06 BST" name="ConfigureAppium" finished-at="2023-07-06T23:17:27 BST" duration-ms="21530" status="PASS">
          <reporter-output>
          </reporter-output>
        </test-method> <!-- ConfigureAppium -->
        <test-method signature="FillForm()[pri:0, instance:org.hemakumar.eCommerce_tc_4_Hybrid@470734c3]" started-at="2023-07-06T23:17:27 BST" name="FillForm" finished-at="2023-07-06T23:17:55 BST" duration-ms="27099" status="PASS">
          <reporter-output>
          </reporter-output>
        </test-method> <!-- FillForm -->
        <test-method is-config="true" signature="tearDown()[pri:0, instance:org.hemakumar.eCommerce_tc_4_Hybrid@470734c3]" started-at="2023-07-06T23:17:55 BST" name="tearDown" finished-at="2023-07-06T23:17:56 BST" duration-ms="1631" status="PASS">
          <reporter-output>
          </reporter-output>
        </test-method> <!-- tearDown -->
      </class> <!-- org.hemakumar.eCommerce_tc_4_Hybrid -->
    </test> <!-- Default test -->
  </suite> <!-- Default suite -->
</testng-results>
